<?xml version="1.0" encoding="UTF-8"?>
<testsuite xmlns:xsi="http://www.w3.org/2001/XMLSchema-instance" xsi:noNamespaceSchemaLocation="https://maven.apache.org/surefire/maven-surefire-plugin/xsd/surefire-test-report.xsd" name="com.example.demo.BookingClientTests" time="4.315" tests="4" errors="0" skipped="0" failures="0">
  <properties>
[...]
</properties>
  <testcase name="studentSavedToRepositoryWithRightBookingId" classname="com.example.demo.BookingClientTests" time="0.268"/>
  <testcase name="sendCorrectStudentName" classname="com.example.demo.BookingClientTests" time="0.156"/>
  <testcase name="throwNPEWhenCreateBookingWithNullResponse" classname="com.example.demo.BookingClientTests" time="0.015"/>
  <testcase name="bookingIdIsRight" classname="com.example.demo.BookingClientTests" time="0.112"/>
</testsuite>